<?xml version="1.0" encoding="UTF-8"?>
<testng-results ignored="0" total="1" passed="1" failed="0" skipped="0">
  <reporter-output>
  </reporter-output>
  <suite started-at="2023-07-13T07:29:16Z" name="Default suite" finished-at="2023-07-13T07:29:19Z" duration-ms="3459">
    <groups>
    </groups>
    <test started-at="2023-07-13T07:29:16Z" name="Default test" finished-at="2023-07-13T07:29:19Z" duration-ms="3459">
      <class name="demo.Test1">
        <test-method is-config="true" signature="launchApplication()[pri:0, instance:demo.Test1@172b013]" started-at="2023-07-13T07:29:16Z" name="launchApplication" finished-at="2023-07-13T07:29:19Z" duration-ms="3128" status="PASS">
          <reporter-output>
          </reporter-output>
        </test-method> <!-- launchApplication -->
        <test-method signature="titleVerification()[pri:0, instance:demo.Test1@172b013]" started-at="2023-07-13T07:29:19Z" name="titleVerification" finished-at="2023-07-13T07:29:19Z" duration-ms="21" status="PASS">
          <reporter-output>
          </reporter-output>
        </test-method> <!-- titleVerification -->
        <test-method is-config="true" signature="closeBrowser()[pri:0, instance:demo.Test1@172b013]" started-at="2023-07-13T07:29:19Z" name="closeBrowser" finished-at="2023-07-13T07:29:19Z" duration-ms="273" status="PASS">
          <reporter-output>
          </reporter-output>
        </test-method> <!-- closeBrowser -->
      </class> <!-- demo.Test1 -->
    </test> <!-- Default test -->
  </suite> <!-- Default suite -->
</testng-results>
