<?xml version="1.0" encoding="UTF-8"?>
<testsuite name="Test"
           tests="5"
           failures="0"
           errors="0"
           skipped="0"
           time="0.007">
  <properties />
  
  
            <testcase name="Car4" time="0.001" classname="demo.GroupingDemo" />
                <testcase name="Car1" time="0.002" classname="demo.GroupingDemo" />
                <testcase name="Car2" time="0.002" classname="demo.GroupingDemo" />
                <testcase name="Car3" time="0.001" classname="demo.GroupingDemo" />
                <testcase name="Car5" time="0.001" classname="demo.GroupingDemo" />
      
</testsuite>
